<?xml version="1.0" encoding="UTF-8"?>
<!-- Generated by org.testng.reporters.JUnitXMLReporter -->
<testsuite ignored="4" hostname="LAPTOP-Q87DJLK4" failures="0" tests="1" name="Default test" time="8.435" errors="0" timestamp="2021-08-28T13:25:00 IST">
  <testcase classname="com.test.TestRest" name="test" time="5.232"/>
  <testcase classname="com.test.TestRest" name="put" time="0.0">
    <ignored/>
  </testcase> <!-- put -->
  <testcase classname="com.test.TestRest" name="delete" time="0.0">
    <ignored/>
  </testcase> <!-- delete -->
  <testcase classname="com.test.TestRest" name="Post" time="0.0">
    <ignored/>
  </testcase> <!-- Post -->
  <testcase classname="com.test.TestRest" name="patch" time="0.0">
    <ignored/>
  </testcase> <!-- patch -->
</testsuite> <!-- Default test -->
