<?xml version="1.0" encoding="UTF-8"?>
<testng-results ignored="4" total="5" passed="1" failed="0" skipped="0">
  <reporter-output>
  </reporter-output>
  <suite started-at="2021-08-28T13:24:51 IST" name="Default suite" finished-at="2021-08-28T13:25:00 IST" duration-ms="8435">
    <groups>
    </groups>
    <test started-at="2021-08-28T13:24:51 IST" name="Default test" finished-at="2021-08-28T13:25:00 IST" duration-ms="8435">
      <class name="com.test.TestRest">
        <test-method is-config="true" signature="BeforeAll()[pri:0, instance:com.test.TestRest@6a2eea2a]" started-at="2021-08-28T13:24:52 IST" name="BeforeAll" finished-at="2021-08-28T13:24:55 IST" duration-ms="2692" status="PASS">
          <reporter-output>
          </reporter-output>
        </test-method> <!-- BeforeAll -->
        <test-method signature="test()[pri:0, instance:com.test.TestRest@6a2eea2a]" started-at="2021-08-28T13:24:55 IST" name="test" finished-at="2021-08-28T13:25:00 IST" duration-ms="5232" status="PASS">
          <reporter-output>
          </reporter-output>
        </test-method> <!-- test -->
      </class> <!-- com.test.TestRest -->
    </test> <!-- Default test -->
  </suite> <!-- Default suite -->
</testng-results>
